Using pre-set license
Built from '2021.3/release' branch; Version is '2021.3.28f1 (232e59c3f087) revision 2305625'; Using compiler version '192829333'; Build Type 'Release'
OS: 'Windows 10  (10.0.19045) 64bit Professional' Language: 'en' Physical Memory: 16294 MB
BatchMode: 1, IsHumanControllingUs: 0, StartBugReporterOnCrash: 0, Is64bit: 1, IsPro: 1

COMMAND LINE ARGUMENTS:
E:\Unity\Unity Hub\2021.3.28f1\Editor\Unity.exe
-adb2
-batchMode
-noUpm
-name
AssetImportWorker0
-projectPath
E:/School projects/holbertonschool/holbertonschool-unity/0x0E-unity-webxr
-logFile
Logs/AssetImportWorker0.log
-srvPort
54706
Successfully changed project path to: E:/School projects/holbertonschool/holbertonschool-unity/0x0E-unity-webxr
E:/School projects/holbertonschool/holbertonschool-unity/0x0E-unity-webxr
[UnityMemory] Configuration Parameters - Can be set up in boot.config
    "memorysetup-bucket-allocator-granularity=16"
    "memorysetup-bucket-allocator-bucket-count=8"
    "memorysetup-bucket-allocator-block-size=33554432"
    "memorysetup-bucket-allocator-block-count=8"
    "memorysetup-main-allocator-block-size=16777216"
    "memorysetup-thread-allocator-block-size=16777216"
    "memorysetup-gfx-main-allocator-block-size=16777216"
    "memorysetup-gfx-thread-allocator-block-size=16777216"
    "memorysetup-cache-allocator-block-size=4194304"
    "memorysetup-typetree-allocator-block-size=2097152"
    "memorysetup-profiler-bucket-allocator-granularity=16"
    "memorysetup-profiler-bucket-allocator-bucket-count=8"
    "memorysetup-profiler-bucket-allocator-block-size=33554432"
    "memorysetup-profiler-bucket-allocator-block-count=8"
    "memorysetup-profiler-allocator-block-size=16777216"
    "memorysetup-profiler-editor-allocator-block-size=1048576"
    "memorysetup-temp-allocator-size-main=16777216"
    "memorysetup-job-temp-allocator-block-size=2097152"
    "memorysetup-job-temp-allocator-block-size-background=1048576"
    "memorysetup-job-temp-allocator-reduction-small-platforms=262144"
    "memorysetup-temp-allocator-size-background-worker=32768"
    "memorysetup-temp-allocator-size-job-worker=262144"
    "memorysetup-temp-allocator-size-preload-manager=33554432"
    "memorysetup-temp-allocator-size-nav-mesh-worker=65536"
    "memorysetup-temp-allocator-size-audio-worker=65536"
    "memorysetup-temp-allocator-size-cloud-worker=32768"
    "memorysetup-temp-allocator-size-gi-baking-worker=262144"
    "memorysetup-temp-allocator-size-gfx=262144"
Player connection [21172] Host "[IP] 192.168.50.159 [Port] 0 [Flags] 2 [Guid] 901806135 [EditorId] 901806135 [Version] 1048832 [Id] WindowsEditor(7,DESKTOP-O2275P5) [Debug] 1 [PackageName] WindowsEditor [ProjectName] Editor" joined multi-casting on [225.0.0.222:54997]...

Player connection [21172] Host "[IP] 192.168.50.159 [Port] 0 [Flags] 2 [Guid] 901806135 [EditorId] 901806135 [Version] 1048832 [Id] WindowsEditor(7,DESKTOP-O2275P5) [Debug] 1 [PackageName] WindowsEditor [ProjectName] Editor" joined alternative multi-casting on [225.0.0.222:34997]...

Refreshing native plugins compatible for Editor in 91.79 ms, found 3 plugins.
Preloading 0 native plugins for Editor in 0.00 ms.
Initialize engine version: 2021.3.28f1 (232e59c3f087)
[Subsystems] Discovering subsystems at path E:/Unity/Unity Hub/2021.3.28f1/Editor/Data/Resources/UnitySubsystems
[Subsystems] Discovering subsystems at path E:/School projects/holbertonschool/holbertonschool-unity/0x0E-unity-webxr/Assets
GfxDevice: creating device client; threaded=0; jobified=0
Direct3D:
    Version:  Direct3D 11.0 [level 11.1]
    Renderer: NVIDIA GeForce RTX 2070 SUPER (ID=0x1e84)
    Vendor:   NVIDIA
    VRAM:     8003 MB
    Driver:   31.0.15.3699
Initialize mono
Mono path[0] = 'E:/Unity/Unity Hub/2021.3.28f1/Editor/Data/Managed'
Mono path[1] = 'E:/Unity/Unity Hub/2021.3.28f1/Editor/Data/MonoBleedingEdge/lib/mono/unityjit-win32'
Mono config path = 'E:/Unity/Unity Hub/2021.3.28f1/Editor/Data/MonoBleedingEdge/etc'
Using monoOptions --debugger-agent=transport=dt_socket,embedding=1,server=y,suspend=n,address=127.0.0.1:56744
Begin MonoManager ReloadAssembly
Registering precompiled unity dll's ...
Register platform support module: E:/Unity/Unity Hub/2021.3.28f1/Editor/Data/PlaybackEngines/WebGLSupport/UnityEditor.WebGL.Extensions.dll
Register platform support module: E:/Unity/Unity Hub/2021.3.28f1/Editor/Data/PlaybackEngines/AndroidPlayer/UnityEditor.Android.Extensions.dll
Register platform support module: E:/Unity/Unity Hub/2021.3.28f1/Editor/Data/PlaybackEngines/iOSSupport/UnityEditor.iOS.Extensions.dll
Register platform support module: E:/Unity/Unity Hub/2021.3.28f1/Editor/Data/PlaybackEngines/WindowsStandaloneSupport/UnityEditor.WindowsStandalone.Extensions.dll
Registered in 0.003553 seconds.
Native extension for WindowsStandalone target not found
Native extension for iOS target not found
Native extension for Android target not found
Android Extension - Scanning For ADB Devices 216 ms
Native extension for WebGL target not found
Refreshing native plugins compatible for Editor in 80.80 ms, found 3 plugins.
Preloading 0 native plugins for Editor in 0.00 ms.
Mono: successfully reloaded assembly
- Completed reload, in  0.810 seconds
Domain Reload Profiling:
	ReloadAssembly (810ms)
		BeginReloadAssembly (70ms)
			ExecutionOrderSort (0ms)
			DisableScriptedObjects (0ms)
			BackupInstance (0ms)
			ReleaseScriptingObjects (0ms)
			CreateAndSetChildDomain (1ms)
		EndReloadAssembly (659ms)
			LoadAssemblies (70ms)
			RebuildTransferFunctionScriptingTraits (0ms)
			SetupTypeCache (92ms)
			ReleaseScriptCaches (0ms)
			RebuildScriptCaches (22ms)
			SetupLoadedEditorAssemblies (505ms)
				LogAssemblyErrors (0ms)
				InitializePlatformSupportModulesInManaged (313ms)
				SetLoadedEditorAssemblies (0ms)
				RefreshPlugins (81ms)
				BeforeProcessingInitializeOnLoad (1ms)
				ProcessInitializeOnLoadAttributes (69ms)
				ProcessInitializeOnLoadMethodAttributes (41ms)
				AfterProcessingInitializeOnLoad (0ms)
				EditorAssembliesLoaded (0ms)
			ExecutionOrderSort2 (0ms)
			AwakeInstancesAfterBackupRestoration (0ms)
Platform modules already initialized, skipping
Registering precompiled user dll's ...
Registered in 0.002890 seconds.
Begin MonoManager ReloadAssembly
Native extension for WindowsStandalone target not found
Native extension for iOS target not found
Native extension for Android target not found
Native extension for WebGL target not found
Refreshing native plugins compatible for Editor in 80.75 ms, found 3 plugins.
Preloading 0 native plugins for Editor in 0.00 ms.
Package Manager log level set to [2]
Mono: successfully reloaded assembly
- Completed reload, in  1.045 seconds
Domain Reload Profiling:
	ReloadAssembly (1046ms)
		BeginReloadAssembly (101ms)
			ExecutionOrderSort (0ms)
			DisableScriptedObjects (6ms)
			BackupInstance (0ms)
			ReleaseScriptingObjects (0ms)
			CreateAndSetChildDomain (19ms)
		EndReloadAssembly (860ms)
			LoadAssemblies (80ms)
			RebuildTransferFunctionScriptingTraits (0ms)
			SetupTypeCache (249ms)
			ReleaseScriptCaches (1ms)
			RebuildScriptCaches (53ms)
			SetupLoadedEditorAssemblies (431ms)
				LogAssemblyErrors (0ms)
				InitializePlatformSupportModulesInManaged (21ms)
				SetLoadedEditorAssemblies (0ms)
				RefreshPlugins (81ms)
				BeforeProcessingInitializeOnLoad (86ms)
				ProcessInitializeOnLoadAttributes (224ms)
				ProcessInitializeOnLoadMethodAttributes (16ms)
				AfterProcessingInitializeOnLoad (3ms)
				EditorAssembliesLoaded (0ms)
			ExecutionOrderSort2 (0ms)
			AwakeInstancesAfterBackupRestoration (6ms)
Platform modules already initialized, skipping
========================================================================
Worker process is ready to serve import requests
Launched and connected shader compiler UnityShaderCompiler.exe after 0.03 seconds
Refreshing native plugins compatible for Editor in 0.83 ms, found 3 plugins.
Preloading 0 native plugins for Editor in 0.00 ms.
Unloading 4596 Unused Serialized files (Serialized files now loaded: 0)
Unloading 27 unused Assets / (102.5 KB). Loaded Objects now: 5066.
Memory consumption went from 178.1 MB to 178.0 MB.
Total: 3.522900 ms (FindLiveObjects: 0.458100 ms CreateObjectMapping: 0.135900 ms MarkObjects: 2.750800 ms  DeleteObjects: 0.177100 ms)

AssetImportParameters requested are different than current active one (requested -> active):
  custom:video-decoder-ogg-theora: a1e56fd34408186e4bbccfd4996cb3dc -> 
  custom:container-muxer-webm: aa71ff27fc2769a1b78a27578f13a17b -> 
  custom:container-demuxer-webm: 4f35f7cbe854078d1ac9338744f61a02 -> 
  custom:video-encoder-webm-vp8: eb34c28f22e8b96e1ab97ce403110664 -> 
  custom:video-codec-MediaFoundation-h265: 746d11721c4dcdbdad8f713fa42b33f4 -> 
  custom:CustomObjectIndexerAttribute: bc11b3a6c3213fcdd17b65e7da85e133 -> 
  custom:audio-encoder-webm-vorbis: bf7c407c2cedff20999df2af8eb42d56 -> 
  custom:framework-win-MediaFoundation: 216162199b28c13a410421893ffa2e32 -> 
  custom:container-demuxer-ogg: 62fdf1f143b41e24485cea50d1cbac27 -> 
  custom:video-decoder-webm-vp8: 9c59270c3fd7afecdb556c50c9e8de78 -> 
  custom:audio-decoder-ogg-vorbis: bf7c407c2cedff20999df2af8eb42d56 -> 
========================================================================
Received Import Request.
  Time since last request: 55541.344652 seconds.
  path: Assets/ForwardRenderer.asset
  artifactKey: Guid(53a1781cc9a32451a98ed8594b363815) Importer(815301076,1909f56bfc062723c751e8b465ee728b)
Start importing Assets/ForwardRenderer.asset using Guid(53a1781cc9a32451a98ed8594b363815) Importer(815301076,1909f56bfc062723c751e8b465ee728b)  -> (artifact id: '9d2f1d49ad96e5170b3e49d8f99b262a') in 0.022214 seconds 
========================================================================
Received Prepare
Registering precompiled user dll's ...
Registered in 0.003235 seconds.
Begin MonoManager ReloadAssembly
Native extension for WindowsStandalone target not found
Native extension for iOS target not found
Native extension for Android target not found
Native extension for WebGL target not found
Refreshing native plugins compatible for Editor in 0.87 ms, found 3 plugins.
Preloading 0 native plugins for Editor in 0.00 ms.
Mono: successfully reloaded assembly
- Completed reload, in  0.952 seconds
Domain Reload Profiling:
	ReloadAssembly (953ms)
		BeginReloadAssembly (128ms)
			ExecutionOrderSort (0ms)
			DisableScriptedObjects (4ms)
			BackupInstance (0ms)
			ReleaseScriptingObjects (0ms)
			CreateAndSetChildDomain (35ms)
		EndReloadAssembly (748ms)
			LoadAssemblies (86ms)
			RebuildTransferFunctionScriptingTraits (0ms)
			SetupTypeCache (250ms)
			ReleaseScriptCaches (1ms)
			RebuildScriptCaches (41ms)
			SetupLoadedEditorAssemblies (304ms)
				LogAssemblyErrors (0ms)
				InitializePlatformSupportModulesInManaged (24ms)
				SetLoadedEditorAssemblies (1ms)
				RefreshPlugins (1ms)
				BeforeProcessingInitializeOnLoad (60ms)
				ProcessInitializeOnLoadAttributes (197ms)
				ProcessInitializeOnLoadMethodAttributes (19ms)
				AfterProcessingInitializeOnLoad (3ms)
				EditorAssembliesLoaded (0ms)
			ExecutionOrderSort2 (0ms)
			AwakeInstancesAfterBackupRestoration (7ms)
Platform modules already initialized, skipping
Refreshing native plugins compatible for Editor in 2.38 ms, found 3 plugins.
Preloading 0 native plugins for Editor in 0.00 ms.
Unloading 4562 Unused Serialized files (Serialized files now loaded: 0)
Unloading 20 unused Assets / (246.7 KB). Loaded Objects now: 5078.
Memory consumption went from 174.4 MB to 174.1 MB.
Total: 4.410800 ms (FindLiveObjects: 0.552100 ms CreateObjectMapping: 0.226200 ms MarkObjects: 3.441700 ms  DeleteObjects: 0.189600 ms)

AssetImportParameters requested are different than current active one (requested -> active):
  custom:video-decoder-ogg-theora: a1e56fd34408186e4bbccfd4996cb3dc -> 
  custom:container-muxer-webm: aa71ff27fc2769a1b78a27578f13a17b -> 
  custom:container-demuxer-webm: 4f35f7cbe854078d1ac9338744f61a02 -> 
  custom:video-encoder-webm-vp8: eb34c28f22e8b96e1ab97ce403110664 -> 
  custom:video-codec-MediaFoundation-h265: 746d11721c4dcdbdad8f713fa42b33f4 -> 
  custom:CustomObjectIndexerAttribute: bc11b3a6c3213fcdd17b65e7da85e133 -> 
  custom:audio-encoder-webm-vorbis: bf7c407c2cedff20999df2af8eb42d56 -> 
  custom:framework-win-MediaFoundation: 216162199b28c13a410421893ffa2e32 -> 
  custom:container-demuxer-ogg: 62fdf1f143b41e24485cea50d1cbac27 -> 
  custom:video-decoder-webm-vp8: 9c59270c3fd7afecdb556c50c9e8de78 -> 
  custom:audio-decoder-ogg-vorbis: bf7c407c2cedff20999df2af8eb42d56 -> 
========================================================================
Received Import Request.
  Time since last request: 488.918594 seconds.
  path: Packages/com.de-panther.webxr-interactions/package.json
  artifactKey: Guid(ea42c90fac9dafc40bb4c1943ac82450) Importer(815301076,1909f56bfc062723c751e8b465ee728b)
Start importing Packages/com.de-panther.webxr-interactions/package.json using Guid(ea42c90fac9dafc40bb4c1943ac82450) Importer(815301076,1909f56bfc062723c751e8b465ee728b)  -> (artifact id: '8ad3c416f5cef984d422131d1a3c7bf2') in 0.019386 seconds 
========================================================================
Received Import Request.
  Time since last request: 0.370802 seconds.
  path: Packages/com.de-panther.webxr/package.json
  artifactKey: Guid(22ba98f54cfdd0e4193666b654f7d461) Importer(815301076,1909f56bfc062723c751e8b465ee728b)
Start importing Packages/com.de-panther.webxr/package.json using Guid(22ba98f54cfdd0e4193666b654f7d461) Importer(815301076,1909f56bfc062723c751e8b465ee728b)  -> (artifact id: '49d459ddec41fa7db3169000cd47be6a') in 0.001182 seconds 
========================================================================
Received Import Request.
  Time since last request: 3.886187 seconds.
  path: Packages/com.de-panther.webxr/Editor
  artifactKey: Guid(f968e9a6850e3294eb5de29a0f74ba45) Importer(815301076,1909f56bfc062723c751e8b465ee728b)
Start importing Packages/com.de-panther.webxr/Editor using Guid(f968e9a6850e3294eb5de29a0f74ba45) Importer(815301076,1909f56bfc062723c751e8b465ee728b)  -> (artifact id: '5ff0f8096becff833abe6e320d262002') in 0.001056 seconds 
========================================================================
Received Import Request.
  Time since last request: 0.053783 seconds.
  path: Packages/com.de-panther.webxr/Editor/WebXR.Editor.asmdef
  artifactKey: Guid(b03f9333ea039ed43843c5af65357fc4) Importer(815301076,1909f56bfc062723c751e8b465ee728b)
Start importing Packages/com.de-panther.webxr/Editor/WebXR.Editor.asmdef using Guid(b03f9333ea039ed43843c5af65357fc4) Importer(815301076,1909f56bfc062723c751e8b465ee728b)  -> (artifact id: '2e8da76e032b0936f50afe192c188593') in 0.002167 seconds 
========================================================================
Received Import Request.
  Time since last request: 2.115991 seconds.
  path: Packages/com.de-panther.webxr/Runtime
  artifactKey: Guid(e922d3279a6fbf444afa32b99c839e2e) Importer(815301076,1909f56bfc062723c751e8b465ee728b)
Start importing Packages/com.de-panther.webxr/Runtime using Guid(e922d3279a6fbf444afa32b99c839e2e) Importer(815301076,1909f56bfc062723c751e8b465ee728b)  -> (artifact id: '07b4da1716b86d4bab6988ff6fb0151d') in 0.001046 seconds 
========================================================================
Received Import Request.
  Time since last request: 0.048676 seconds.
  path: Packages/com.de-panther.webxr/Runtime/WebXR.asmdef
  artifactKey: Guid(fd4abe4ffe74ef1448afe15c6cb36bb7) Importer(815301076,1909f56bfc062723c751e8b465ee728b)
Start importing Packages/com.de-panther.webxr/Runtime/WebXR.asmdef using Guid(fd4abe4ffe74ef1448afe15c6cb36bb7) Importer(815301076,1909f56bfc062723c751e8b465ee728b)  -> (artifact id: '116e9373dae6727e26de14ee197d3d11') in 0.000950 seconds 
========================================================================
Received Import Request.
  Time since last request: 3.927902 seconds.
  path: Packages/com.de-panther.webxr/Runtime/XRPlugin
  artifactKey: Guid(451d30781c4e4fb2b72060ca06b2a26c) Importer(815301076,1909f56bfc062723c751e8b465ee728b)
Start importing Packages/com.de-panther.webxr/Runtime/XRPlugin using Guid(451d30781c4e4fb2b72060ca06b2a26c) Importer(815301076,1909f56bfc062723c751e8b465ee728b)  -> (artifact id: '7020010d16d98fdac455a4ed5a38956f') in 0.002888 seconds 
========================================================================
Received Import Request.
  Time since last request: 5.303236 seconds.
  path: Packages/com.de-panther.webxr-interactions/Runtime
  artifactKey: Guid(81757b3b57309074382580a3f030b78c) Importer(815301076,1909f56bfc062723c751e8b465ee728b)
Start importing Packages/com.de-panther.webxr-interactions/Runtime using Guid(81757b3b57309074382580a3f030b78c) Importer(815301076,1909f56bfc062723c751e8b465ee728b)  -> (artifact id: '2e93d36af3ecde56c37bc9ec46aa2a6e') in 0.000938 seconds 
========================================================================
Received Import Request.
  Time since last request: 1.459883 seconds.
  path: Packages/com.de-panther.webxr-interactions/Runtime/Prefabs
  artifactKey: Guid(94433417d828866408161ee6c1299a74) Importer(815301076,1909f56bfc062723c751e8b465ee728b)
Start importing Packages/com.de-panther.webxr-interactions/Runtime/Prefabs using Guid(94433417d828866408161ee6c1299a74) Importer(815301076,1909f56bfc062723c751e8b465ee728b)  -> (artifact id: '388e820448ef8b1eff4f2bed64797913') in 0.000920 seconds 
========================================================================
Received Import Request.
  Time since last request: 0.077439 seconds.
  path: Packages/com.de-panther.webxr-interactions/Runtime/Prefabs/Cube.prefab
  artifactKey: Guid(67541c9d1fd5e2c4798986ee73c07923) Importer(815301076,1909f56bfc062723c751e8b465ee728b)
Start importing Packages/com.de-panther.webxr-interactions/Runtime/Prefabs/Cube.prefab using Guid(67541c9d1fd5e2c4798986ee73c07923) Importer(815301076,1909f56bfc062723c751e8b465ee728b)  -> (artifact id: '11987795af8b22f3d9400f43a1db99a5') in 0.118792 seconds 
========================================================================
Received Import Request.
  Time since last request: 195.657780 seconds.
  path: Assets/XR
  artifactKey: Guid(59de75f082232384a8f5277bb55cf134) Importer(815301076,1909f56bfc062723c751e8b465ee728b)
Start importing Assets/XR using Guid(59de75f082232384a8f5277bb55cf134) Importer(815301076,1909f56bfc062723c751e8b465ee728b)  -> (artifact id: 'fac97c0342be4fa4205ef2e78b23bd30') in 0.001024 seconds 
========================================================================
Received Import Request.
  Time since last request: 0.064886 seconds.
  path: Assets/XR/XRGeneralSettingsPerBuildTarget.asset
  artifactKey: Guid(220993c6ef6072e4598dc5bf6e8b7811) Importer(815301076,1909f56bfc062723c751e8b465ee728b)
Start importing Assets/XR/XRGeneralSettingsPerBuildTarget.asset using Guid(220993c6ef6072e4598dc5bf6e8b7811) Importer(815301076,1909f56bfc062723c751e8b465ee728b)  -> (artifact id: 'd986371aab1b0b9fde1e52dd1678dedb') in 0.005336 seconds 
========================================================================
Received Import Request.
  Time since last request: 12.147078 seconds.
  path: Assets/Samples
  artifactKey: Guid(b41e7572d1d3a6441a0408ce5fda05b8) Importer(815301076,1909f56bfc062723c751e8b465ee728b)
Start importing Assets/Samples using Guid(b41e7572d1d3a6441a0408ce5fda05b8) Importer(815301076,1909f56bfc062723c751e8b465ee728b)  -> (artifact id: 'fe561513a9b444259ebe3cf95211f59b') in 0.002826 seconds 
========================================================================
Received Import Request.
  Time since last request: 0.860989 seconds.
  path: Assets/Samples/XR Interaction Toolkit
  artifactKey: Guid(592a0e7f077a417489064b990574be13) Importer(815301076,1909f56bfc062723c751e8b465ee728b)
Start importing Assets/Samples/XR Interaction Toolkit using Guid(592a0e7f077a417489064b990574be13) Importer(815301076,1909f56bfc062723c751e8b465ee728b)  -> (artifact id: 'a8a998e80fa99761c61683ef509bacef') in 0.001004 seconds 
========================================================================
Received Import Request.
  Time since last request: 0.580753 seconds.
  path: Assets/Samples/XR Interaction Toolkit/2.4.3
  artifactKey: Guid(4509e6a0d39ca8a4aa4ef89ac667492c) Importer(815301076,1909f56bfc062723c751e8b465ee728b)
Start importing Assets/Samples/XR Interaction Toolkit/2.4.3 using Guid(4509e6a0d39ca8a4aa4ef89ac667492c) Importer(815301076,1909f56bfc062723c751e8b465ee728b)  -> (artifact id: '67a42f9da248a8e672aa067993fd43b6') in 0.001107 seconds 
========================================================================
Received Import Request.
  Time since last request: 2.070277 seconds.
  path: Assets/Samples/XR Interaction Toolkit/2.4.3/Starter Assets/Models
  artifactKey: Guid(34f03838a812f0e41b1e3da17ff4038e) Importer(815301076,1909f56bfc062723c751e8b465ee728b)
Start importing Assets/Samples/XR Interaction Toolkit/2.4.3/Starter Assets/Models using Guid(34f03838a812f0e41b1e3da17ff4038e) Importer(815301076,1909f56bfc062723c751e8b465ee728b)  -> (artifact id: '80903e69feab470c0514ab51dd28a1d9') in 0.000940 seconds 
========================================================================
Received Import Request.
  Time since last request: 0.025217 seconds.
  path: Assets/Samples/XR Interaction Toolkit/2.4.3/Starter Assets/Models/Primitive_Cylinder.fbx
  artifactKey: Guid(9e1dc1c14313460d872de39e35129b39) Importer(815301076,1909f56bfc062723c751e8b465ee728b)
Start importing Assets/Samples/XR Interaction Toolkit/2.4.3/Starter Assets/Models/Primitive_Cylinder.fbx using Guid(9e1dc1c14313460d872de39e35129b39) Importer(815301076,1909f56bfc062723c751e8b465ee728b)  -> (artifact id: '16fa02355198e7a0540c1d664a7b806e') in 0.083160 seconds 
========================================================================
Received Import Request.
  Time since last request: 0.000026 seconds.
  path: Assets/Samples/XR Interaction Toolkit/2.4.3/Starter Assets/Models/Primitive_Torus.fbx
  artifactKey: Guid(f077c919501a44778a0c2edb6eb1a54a) Importer(815301076,1909f56bfc062723c751e8b465ee728b)
Start importing Assets/Samples/XR Interaction Toolkit/2.4.3/Starter Assets/Models/Primitive_Torus.fbx using Guid(f077c919501a44778a0c2edb6eb1a54a) Importer(815301076,1909f56bfc062723c751e8b465ee728b)  -> (artifact id: 'd73d7b3afdb024cd84a95bb5c48ea93b') in 0.012738 seconds 
========================================================================
Received Import Request.
  Time since last request: 0.000029 seconds.
  path: Assets/Samples/XR Interaction Toolkit/2.4.3/Starter Assets/Models/PushButton.fbx
  artifactKey: Guid(7ab6f3b0fd1a6ba41b2a47766c16613f) Importer(815301076,1909f56bfc062723c751e8b465ee728b)
Start importing Assets/Samples/XR Interaction Toolkit/2.4.3/Starter Assets/Models/PushButton.fbx using Guid(7ab6f3b0fd1a6ba41b2a47766c16613f) Importer(815301076,1909f56bfc062723c751e8b465ee728b)  -> (artifact id: 'ea96991c185780b45f9c15ccb630cb7a') in 0.030658 seconds 
========================================================================
Received Import Request.
  Time since last request: 0.000024 seconds.
  path: Assets/Samples/XR Interaction Toolkit/2.4.3/Starter Assets/Models/XRControllerLeft.fbx
  artifactKey: Guid(be3083a5f26d4e859d594ecbe632f87e) Importer(815301076,1909f56bfc062723c751e8b465ee728b)
Start importing Assets/Samples/XR Interaction Toolkit/2.4.3/Starter Assets/Models/XRControllerLeft.fbx using Guid(be3083a5f26d4e859d594ecbe632f87e) Importer(815301076,1909f56bfc062723c751e8b465ee728b)  -> (artifact id: '66dfad4be7964488180ea2236ba5147f') in 0.057985 seconds 
Editor requested this worker to shutdown with reason: Scaling down because of idle timeout
AssetImportWorker is now disconnected from the server
Process exiting
Exiting without the bug reporter. Application will terminate with return code 0