Using pre-set license
Built from '2021.3/release' branch; Version is '2021.3.28f1 (232e59c3f087) revision 2305625'; Using compiler version '192829333'; Build Type 'Release'
OS: 'Windows 10  (10.0.19045) 64bit Professional' Language: 'en' Physical Memory: 16294 MB
BatchMode: 1, IsHumanControllingUs: 0, StartBugReporterOnCrash: 0, Is64bit: 1, IsPro: 1

COMMAND LINE ARGUMENTS:
E:\Unity\Unity Hub\2021.3.28f1\Editor\Unity.exe
-adb2
-batchMode
-noUpm
-name
AssetImportWorker2
-projectPath
E:/School projects/holbertonschool/holbertonschool-unity/0x0E-unity-webxr
-logFile
Logs/AssetImportWorker2.log
-srvPort
54706
Successfully changed project path to: E:/School projects/holbertonschool/holbertonschool-unity/0x0E-unity-webxr
E:/School projects/holbertonschool/holbertonschool-unity/0x0E-unity-webxr
[UnityMemory] Configuration Parameters - Can be set up in boot.config
    "memorysetup-bucket-allocator-granularity=16"
    "memorysetup-bucket-allocator-bucket-count=8"
    "memorysetup-bucket-allocator-block-size=33554432"
    "memorysetup-bucket-allocator-block-count=8"
    "memorysetup-main-allocator-block-size=16777216"
    "memorysetup-thread-allocator-block-size=16777216"
    "memorysetup-gfx-main-allocator-block-size=16777216"
    "memorysetup-gfx-thread-allocator-block-size=16777216"
    "memorysetup-cache-allocator-block-size=4194304"
    "memorysetup-typetree-allocator-block-size=2097152"
    "memorysetup-profiler-bucket-allocator-granularity=16"
    "memorysetup-profiler-bucket-allocator-bucket-count=8"
    "memorysetup-profiler-bucket-allocator-block-size=33554432"
    "memorysetup-profiler-bucket-allocator-block-count=8"
    "memorysetup-profiler-allocator-block-size=16777216"
    "memorysetup-profiler-editor-allocator-block-size=1048576"
    "memorysetup-temp-allocator-size-main=16777216"
    "memorysetup-job-temp-allocator-block-size=2097152"
    "memorysetup-job-temp-allocator-block-size-background=1048576"
    "memorysetup-job-temp-allocator-reduction-small-platforms=262144"
    "memorysetup-temp-allocator-size-background-worker=32768"
    "memorysetup-temp-allocator-size-job-worker=262144"
    "memorysetup-temp-allocator-size-preload-manager=33554432"
    "memorysetup-temp-allocator-size-nav-mesh-worker=65536"
    "memorysetup-temp-allocator-size-audio-worker=65536"
    "memorysetup-temp-allocator-size-cloud-worker=32768"
    "memorysetup-temp-allocator-size-gi-baking-worker=262144"
    "memorysetup-temp-allocator-size-gfx=262144"
Player connection [27980] Host "[IP] 192.168.50.159 [Port] 0 [Flags] 2 [Guid] 3219406879 [EditorId] 3219406879 [Version] 1048832 [Id] WindowsEditor(7,DESKTOP-O2275P5) [Debug] 1 [PackageName] WindowsEditor [ProjectName] Editor" joined multi-casting on [225.0.0.222:54997]...

Player connection [27980] Host "[IP] 192.168.50.159 [Port] 0 [Flags] 2 [Guid] 3219406879 [EditorId] 3219406879 [Version] 1048832 [Id] WindowsEditor(7,DESKTOP-O2275P5) [Debug] 1 [PackageName] WindowsEditor [ProjectName] Editor" joined alternative multi-casting on [225.0.0.222:34997]...

Refreshing native plugins compatible for Editor in 90.00 ms, found 3 plugins.
Preloading 0 native plugins for Editor in 0.00 ms.
Initialize engine version: 2021.3.28f1 (232e59c3f087)
[Subsystems] Discovering subsystems at path E:/Unity/Unity Hub/2021.3.28f1/Editor/Data/Resources/UnitySubsystems
[Subsystems] Discovering subsystems at path E:/School projects/holbertonschool/holbertonschool-unity/0x0E-unity-webxr/Assets
GfxDevice: creating device client; threaded=0; jobified=0
Direct3D:
    Version:  Direct3D 11.0 [level 11.1]
    Renderer: NVIDIA GeForce RTX 2070 SUPER (ID=0x1e84)
    Vendor:   NVIDIA
    VRAM:     8003 MB
    Driver:   31.0.15.3699
Initialize mono
Mono path[0] = 'E:/Unity/Unity Hub/2021.3.28f1/Editor/Data/Managed'
Mono path[1] = 'E:/Unity/Unity Hub/2021.3.28f1/Editor/Data/MonoBleedingEdge/lib/mono/unityjit-win32'
Mono config path = 'E:/Unity/Unity Hub/2021.3.28f1/Editor/Data/MonoBleedingEdge/etc'
Using monoOptions --debugger-agent=transport=dt_socket,embedding=1,server=y,suspend=n,address=127.0.0.1:56928
Begin MonoManager ReloadAssembly
Registering precompiled unity dll's ...
Register platform support module: E:/Unity/Unity Hub/2021.3.28f1/Editor/Data/PlaybackEngines/WebGLSupport/UnityEditor.WebGL.Extensions.dll
Register platform support module: E:/Unity/Unity Hub/2021.3.28f1/Editor/Data/PlaybackEngines/AndroidPlayer/UnityEditor.Android.Extensions.dll
Register platform support module: E:/Unity/Unity Hub/2021.3.28f1/Editor/Data/PlaybackEngines/iOSSupport/UnityEditor.iOS.Extensions.dll
Register platform support module: E:/Unity/Unity Hub/2021.3.28f1/Editor/Data/PlaybackEngines/WindowsStandaloneSupport/UnityEditor.WindowsStandalone.Extensions.dll
Registered in 0.003457 seconds.
Native extension for WindowsStandalone target not found
Native extension for iOS target not found
Native extension for Android target not found
Android Extension - Scanning For ADB Devices 231 ms
Native extension for WebGL target not found
Refreshing native plugins compatible for Editor in 83.54 ms, found 3 plugins.
Preloading 0 native plugins for Editor in 0.00 ms.
Mono: successfully reloaded assembly
- Completed reload, in  0.822 seconds
Domain Reload Profiling:
	ReloadAssembly (822ms)
		BeginReloadAssembly (71ms)
			ExecutionOrderSort (0ms)
			DisableScriptedObjects (0ms)
			BackupInstance (0ms)
			ReleaseScriptingObjects (0ms)
			CreateAndSetChildDomain (1ms)
		EndReloadAssembly (676ms)
			LoadAssemblies (71ms)
			RebuildTransferFunctionScriptingTraits (0ms)
			SetupTypeCache (91ms)
			ReleaseScriptCaches (0ms)
			RebuildScriptCaches (24ms)
			SetupLoadedEditorAssemblies (522ms)
				LogAssemblyErrors (0ms)
				InitializePlatformSupportModulesInManaged (326ms)
				SetLoadedEditorAssemblies (0ms)
				RefreshPlugins (84ms)
				BeforeProcessingInitializeOnLoad (1ms)
				ProcessInitializeOnLoadAttributes (71ms)
				ProcessInitializeOnLoadMethodAttributes (40ms)
				AfterProcessingInitializeOnLoad (0ms)
				EditorAssembliesLoaded (0ms)
			ExecutionOrderSort2 (0ms)
			AwakeInstancesAfterBackupRestoration (0ms)
Platform modules already initialized, skipping
Registering precompiled user dll's ...
Registered in 0.003221 seconds.
Begin MonoManager ReloadAssembly
Native extension for WindowsStandalone target not found
Native extension for iOS target not found
Native extension for Android target not found
Native extension for WebGL target not found
Refreshing native plugins compatible for Editor in 81.40 ms, found 3 plugins.
Preloading 0 native plugins for Editor in 0.00 ms.
Package Manager log level set to [2]
Mono: successfully reloaded assembly
- Completed reload, in  1.038 seconds
Domain Reload Profiling:
	ReloadAssembly (1039ms)
		BeginReloadAssembly (101ms)
			ExecutionOrderSort (0ms)
			DisableScriptedObjects (5ms)
			BackupInstance (0ms)
			ReleaseScriptingObjects (0ms)
			CreateAndSetChildDomain (21ms)
		EndReloadAssembly (854ms)
			LoadAssemblies (77ms)
			RebuildTransferFunctionScriptingTraits (0ms)
			SetupTypeCache (247ms)
			ReleaseScriptCaches (1ms)
			RebuildScriptCaches (53ms)
			SetupLoadedEditorAssemblies (424ms)
				LogAssemblyErrors (0ms)
				InitializePlatformSupportModulesInManaged (22ms)
				SetLoadedEditorAssemblies (0ms)
				RefreshPlugins (81ms)
				BeforeProcessingInitializeOnLoad (87ms)
				ProcessInitializeOnLoadAttributes (217ms)
				ProcessInitializeOnLoadMethodAttributes (14ms)
				AfterProcessingInitializeOnLoad (3ms)
				EditorAssembliesLoaded (0ms)
			ExecutionOrderSort2 (0ms)
			AwakeInstancesAfterBackupRestoration (7ms)
Platform modules already initialized, skipping
========================================================================
Worker process is ready to serve import requests
Launched and connected shader compiler UnityShaderCompiler.exe after 0.03 seconds
Refreshing native plugins compatible for Editor in 1.13 ms, found 3 plugins.
Preloading 0 native plugins for Editor in 0.00 ms.
Unloading 4606 Unused Serialized files (Serialized files now loaded: 0)
Unloading 28 unused Assets / (94.7 KB). Loaded Objects now: 5075.
Memory consumption went from 178.7 MB to 178.6 MB.
Total: 3.386900 ms (FindLiveObjects: 0.411900 ms CreateObjectMapping: 0.124800 ms MarkObjects: 2.721500 ms  DeleteObjects: 0.127900 ms)

AssetImportParameters requested are different than current active one (requested -> active):
  custom:video-decoder-ogg-theora: a1e56fd34408186e4bbccfd4996cb3dc -> 
  custom:container-muxer-webm: aa71ff27fc2769a1b78a27578f13a17b -> 
  custom:container-demuxer-webm: 4f35f7cbe854078d1ac9338744f61a02 -> 
  custom:video-encoder-webm-vp8: eb34c28f22e8b96e1ab97ce403110664 -> 
  custom:video-codec-MediaFoundation-h265: 746d11721c4dcdbdad8f713fa42b33f4 -> 
  custom:CustomObjectIndexerAttribute: bc11b3a6c3213fcdd17b65e7da85e133 -> 
  custom:audio-encoder-webm-vorbis: bf7c407c2cedff20999df2af8eb42d56 -> 
  custom:framework-win-MediaFoundation: 216162199b28c13a410421893ffa2e32 -> 
  custom:container-demuxer-ogg: 62fdf1f143b41e24485cea50d1cbac27 -> 
  custom:video-decoder-webm-vp8: 9c59270c3fd7afecdb556c50c9e8de78 -> 
  custom:audio-decoder-ogg-vorbis: bf7c407c2cedff20999df2af8eb42d56 -> 
========================================================================
Received Import Request.
  Time since last request: 57070.736482 seconds.
  path: Assets/Scripts/BallInteraction.cs
  artifactKey: Guid(02292216bbd292747aab973bfb5eb329) Importer(815301076,1909f56bfc062723c751e8b465ee728b)
Start importing Assets/Scripts/BallInteraction.cs using Guid(02292216bbd292747aab973bfb5eb329) Importer(815301076,1909f56bfc062723c751e8b465ee728b)  -> (artifact id: '9175cc1eb1a7bfde46802001f1826507') in 0.023578 seconds 
========================================================================
Received Import Request.
  Time since last request: 983.418411 seconds.
  path: Packages/com.de-panther.webxr-interactions/Runtime/Scripts
  artifactKey: Guid(557f1ed863cd6974e84ed07acfe94516) Importer(815301076,1909f56bfc062723c751e8b465ee728b)
Start importing Packages/com.de-panther.webxr-interactions/Runtime/Scripts using Guid(557f1ed863cd6974e84ed07acfe94516) Importer(815301076,1909f56bfc062723c751e8b465ee728b)  -> (artifact id: '27acf9f508f8d626d034d32e0dec3d9b') in 0.001093 seconds 
========================================================================
Received Import Request.
  Time since last request: 0.052200 seconds.
  path: Packages/com.de-panther.webxr-interactions/Runtime/Scripts/WebXR.Interactions.asmdef
  artifactKey: Guid(37dd379c4dca57b4c8e77e954a48de61) Importer(815301076,1909f56bfc062723c751e8b465ee728b)
Start importing Packages/com.de-panther.webxr-interactions/Runtime/Scripts/WebXR.Interactions.asmdef using Guid(37dd379c4dca57b4c8e77e954a48de61) Importer(815301076,1909f56bfc062723c751e8b465ee728b)  -> (artifact id: 'bc59068ebceb70cb3081f99eb03f6ef2') in 0.003009 seconds 
========================================================================
Received Import Request.
  Time since last request: 1.222802 seconds.
  path: Packages/com.de-panther.webxr-interactions/Runtime/Scripts/ControllerInteraction.cs
  artifactKey: Guid(580e3dd931df2bd42b042a7e8fde2aa8) Importer(815301076,1909f56bfc062723c751e8b465ee728b)
Start importing Packages/com.de-panther.webxr-interactions/Runtime/Scripts/ControllerInteraction.cs using Guid(580e3dd931df2bd42b042a7e8fde2aa8) Importer(815301076,1909f56bfc062723c751e8b465ee728b)  -> (artifact id: '520925f7ac169e8330a3799265ccdb16') in 0.001184 seconds 
========================================================================
Received Import Request.
  Time since last request: 21.810347 seconds.
  path: Packages/com.de-panther.webxr-interactions/Runtime/Scripts/PlayWebcam.cs
  artifactKey: Guid(58e75fd55064b00438b42e94e76989c6) Importer(815301076,1909f56bfc062723c751e8b465ee728b)
Start importing Packages/com.de-panther.webxr-interactions/Runtime/Scripts/PlayWebcam.cs using Guid(58e75fd55064b00438b42e94e76989c6) Importer(815301076,1909f56bfc062723c751e8b465ee728b)  -> (artifact id: 'fa6a90d7035e13e5777d679714fab036') in 0.001072 seconds 
========================================================================
Received Import Request.
  Time since last request: 218.754284 seconds.
  path: Packages/com.de-panther.webxr-interactions/Runtime/Prefabs/WebXRCameraSet.prefab
  artifactKey: Guid(ea7c0165e16afe349a301abf9c89f74d) Importer(815301076,1909f56bfc062723c751e8b465ee728b)
Start importing Packages/com.de-panther.webxr-interactions/Runtime/Prefabs/WebXRCameraSet.prefab using Guid(ea7c0165e16afe349a301abf9c89f74d) Importer(815301076,1909f56bfc062723c751e8b465ee728b)  -> (artifact id: '7f38d4c21465530f72a4424f86ad867f') in 0.055646 seconds 
========================================================================
Received Import Request.
  Time since last request: 5.009692 seconds.
  path: Packages/com.de-panther.webxr-interactions/Runtime/Plugins/WebGL
  artifactKey: Guid(6152fa754814e2d42b0c471fe6b1bc2d) Importer(815301076,1909f56bfc062723c751e8b465ee728b)
Start importing Packages/com.de-panther.webxr-interactions/Runtime/Plugins/WebGL using Guid(6152fa754814e2d42b0c471fe6b1bc2d) Importer(815301076,1909f56bfc062723c751e8b465ee728b)  -> (artifact id: 'f81338a7b450d96c41dcb2e117049b83') in 0.001166 seconds 
========================================================================
Received Import Request.
  Time since last request: 1.045239 seconds.
  path: Packages/com.de-panther.webxr-interactions/Runtime/Plugins/WebGL/FixWebCamWebGL.jslib
  artifactKey: Guid(1e07df9e205382445b5866650957514c) Importer(815301076,1909f56bfc062723c751e8b465ee728b)
Start importing Packages/com.de-panther.webxr-interactions/Runtime/Plugins/WebGL/FixWebCamWebGL.jslib using Guid(1e07df9e205382445b5866650957514c) Importer(815301076,1909f56bfc062723c751e8b465ee728b)  -> (artifact id: '5108c2c5bf97b806d34cc59a6694e9c0') in 0.002596 seconds 
========================================================================
Received Import Request.
  Time since last request: 3.321096 seconds.
  path: Packages/com.de-panther.webxr-interactions/Runtime/Materials/ChromaKeyUnlit.mat
  artifactKey: Guid(d4601b6ca29e30a43b7a347eff8b6731) Importer(815301076,1909f56bfc062723c751e8b465ee728b)
Start importing Packages/com.de-panther.webxr-interactions/Runtime/Materials/ChromaKeyUnlit.mat using Guid(d4601b6ca29e30a43b7a347eff8b6731) Importer(815301076,1909f56bfc062723c751e8b465ee728b)  -> (artifact id: '7e478a86d04240ba265a6ab034c8812b') in 0.023923 seconds 
========================================================================
Received Import Request.
  Time since last request: 0.000016 seconds.
  path: Packages/com.de-panther.webxr-interactions/Runtime/Materials/White.mat
  artifactKey: Guid(b7268161509fb9b41adb91ff589d9274) Importer(815301076,1909f56bfc062723c751e8b465ee728b)
Start importing Packages/com.de-panther.webxr-interactions/Runtime/Materials/White.mat using Guid(b7268161509fb9b41adb91ff589d9274) Importer(815301076,1909f56bfc062723c751e8b465ee728b)  -> (artifact id: '845dbb18fb4eb56fb75b702c58ff5b2f') in 0.012008 seconds 
========================================================================
Received Import Request.
  Time since last request: 8.993545 seconds.
  path: Packages/com.de-panther.webxr-interactions/Runtime/Scripts/MixedRealityCaptureController.cs
  artifactKey: Guid(880bc65d904805d4581add3957ea9118) Importer(815301076,1909f56bfc062723c751e8b465ee728b)
Start importing Packages/com.de-panther.webxr-interactions/Runtime/Scripts/MixedRealityCaptureController.cs using Guid(880bc65d904805d4581add3957ea9118) Importer(815301076,1909f56bfc062723c751e8b465ee728b)  -> (artifact id: 'c0fe357cbd4ff98fa0e079c0372031b3') in 0.001011 seconds 
========================================================================
Received Import Request.
  Time since last request: 2.834670 seconds.
  path: Packages/com.de-panther.webxr-interactions/Runtime/Scripts/MouseDragObject.cs
  artifactKey: Guid(0af03eecb340eb240abc88e883024e11) Importer(815301076,1909f56bfc062723c751e8b465ee728b)
Start importing Packages/com.de-panther.webxr-interactions/Runtime/Scripts/MouseDragObject.cs using Guid(0af03eecb340eb240abc88e883024e11) Importer(815301076,1909f56bfc062723c751e8b465ee728b)  -> (artifact id: '27efdf2bec34b197566fcb74d31518b0') in 0.003170 seconds 
========================================================================
Received Import Request.
  Time since last request: 2.618870 seconds.
  path: Packages/com.de-panther.webxr-interactions/Runtime/Scripts/SpectatorCamera.cs
  artifactKey: Guid(e8099c2489295b946a0d5be85a0aef9b) Importer(815301076,1909f56bfc062723c751e8b465ee728b)
Start importing Packages/com.de-panther.webxr-interactions/Runtime/Scripts/SpectatorCamera.cs using Guid(e8099c2489295b946a0d5be85a0aef9b) Importer(815301076,1909f56bfc062723c751e8b465ee728b)  -> (artifact id: 'e0f2d370ab2b1da08edf78ee2ecc6801') in 0.001066 seconds 
========================================================================
Received Import Request.
  Time since last request: 2.419323 seconds.
  path: Packages/com.de-panther.webxr-interactions/Runtime/Scripts/FPSCounter.cs
  artifactKey: Guid(aca262c5e592ebd4a8ec13a9c7842646) Importer(815301076,1909f56bfc062723c751e8b465ee728b)
Start importing Packages/com.de-panther.webxr-interactions/Runtime/Scripts/FPSCounter.cs using Guid(aca262c5e592ebd4a8ec13a9c7842646) Importer(815301076,1909f56bfc062723c751e8b465ee728b)  -> (artifact id: '05d98a011a2fb29cdb7f7849e5dd1021') in 0.001145 seconds 
========================================================================
Received Import Request.
  Time since last request: 65.718976 seconds.
  path: Assets/Scripts/WebXR.Interactions.asmdef
  artifactKey: Guid(a89485822e41fac46bd2c65f0fd9fd39) Importer(815301076,1909f56bfc062723c751e8b465ee728b)
Start importing Assets/Scripts/WebXR.Interactions.asmdef using Guid(a89485822e41fac46bd2c65f0fd9fd39) Importer(815301076,1909f56bfc062723c751e8b465ee728b)  -> (artifact id: 'b801d81b2ab6a0376931c3852c078552') in 0.000929 seconds 
========================================================================
Received Import Request.
  Time since last request: 45.710469 seconds.
  path: Assets/Scripts/BallInteraction.cs
  artifactKey: Guid(02292216bbd292747aab973bfb5eb329) Importer(815301076,1909f56bfc062723c751e8b465ee728b)
Start importing Assets/Scripts/BallInteraction.cs using Guid(02292216bbd292747aab973bfb5eb329) Importer(815301076,1909f56bfc062723c751e8b465ee728b)  -> (artifact id: '07ed5ae3c3b226fefede956c7119661b') in 0.000958 seconds 
========================================================================
Received Import Request.
  Time since last request: 22.673261 seconds.
  path: Assets/Scripts/BallInteraction.cs
  artifactKey: Guid(02292216bbd292747aab973bfb5eb329) Importer(815301076,1909f56bfc062723c751e8b465ee728b)
Start importing Assets/Scripts/BallInteraction.cs using Guid(02292216bbd292747aab973bfb5eb329) Importer(815301076,1909f56bfc062723c751e8b465ee728b)  -> (artifact id: 'c41d523fb83c57cd8f4c7ce0779d919f') in 0.001230 seconds 
========================================================================
Received Prepare
Registering precompiled user dll's ...
Registered in 0.003092 seconds.
Begin MonoManager ReloadAssembly
Native extension for WindowsStandalone target not found
Native extension for iOS target not found
Native extension for Android target not found
Native extension for WebGL target not found
Refreshing native plugins compatible for Editor in 0.96 ms, found 3 plugins.
Preloading 0 native plugins for Editor in 0.00 ms.
Mono: successfully reloaded assembly
- Completed reload, in  1.034 seconds
Domain Reload Profiling:
	ReloadAssembly (1035ms)
		BeginReloadAssembly (141ms)
			ExecutionOrderSort (0ms)
			DisableScriptedObjects (4ms)
			BackupInstance (0ms)
			ReleaseScriptingObjects (0ms)
			CreateAndSetChildDomain (44ms)
		EndReloadAssembly (810ms)
			LoadAssemblies (91ms)
			RebuildTransferFunctionScriptingTraits (0ms)
			SetupTypeCache (273ms)
			ReleaseScriptCaches (2ms)
			RebuildScriptCaches (43ms)
			SetupLoadedEditorAssemblies (346ms)
				LogAssemblyErrors (0ms)
				InitializePlatformSupportModulesInManaged (24ms)
				SetLoadedEditorAssemblies (0ms)
				RefreshPlugins (1ms)
				BeforeProcessingInitializeOnLoad (64ms)
				ProcessInitializeOnLoadAttributes (230ms)
				ProcessInitializeOnLoadMethodAttributes (22ms)
				AfterProcessingInitializeOnLoad (4ms)
				EditorAssembliesLoaded (0ms)
			ExecutionOrderSort2 (0ms)
			AwakeInstancesAfterBackupRestoration (7ms)
Platform modules already initialized, skipping
Refreshing native plugins compatible for Editor in 1.75 ms, found 3 plugins.
Preloading 0 native plugins for Editor in 0.00 ms.
Unloading 4560 Unused Serialized files (Serialized files now loaded: 0)
Unloading 18 unused Assets / (76.9 KB). Loaded Objects now: 5120.
Memory consumption went from 174.5 MB to 174.4 MB.
Total: 3.532600 ms (FindLiveObjects: 0.379600 ms CreateObjectMapping: 0.120900 ms MarkObjects: 2.923800 ms  DeleteObjects: 0.107500 ms)

AssetImportParameters requested are different than current active one (requested -> active):
  custom:video-decoder-ogg-theora: a1e56fd34408186e4bbccfd4996cb3dc -> 
  custom:container-muxer-webm: aa71ff27fc2769a1b78a27578f13a17b -> 
  custom:container-demuxer-webm: 4f35f7cbe854078d1ac9338744f61a02 -> 
  custom:video-encoder-webm-vp8: eb34c28f22e8b96e1ab97ce403110664 -> 
  custom:video-codec-MediaFoundation-h265: 746d11721c4dcdbdad8f713fa42b33f4 -> 
  custom:CustomObjectIndexerAttribute: bc11b3a6c3213fcdd17b65e7da85e133 -> 
  custom:audio-encoder-webm-vorbis: bf7c407c2cedff20999df2af8eb42d56 -> 
  custom:framework-win-MediaFoundation: 216162199b28c13a410421893ffa2e32 -> 
  custom:container-demuxer-ogg: 62fdf1f143b41e24485cea50d1cbac27 -> 
  custom:video-decoder-webm-vp8: 9c59270c3fd7afecdb556c50c9e8de78 -> 
  custom:audio-decoder-ogg-vorbis: bf7c407c2cedff20999df2af8eb42d56 -> 
========================================================================
Received Import Request.
  Time since last request: 367.427396 seconds.
  path: Assets/Samples/WebXR Interactions/0.18.1-preview/Sample Scene
  artifactKey: Guid(ddeb514739ea80d409dc5ed8811922ef) Importer(815301076,1909f56bfc062723c751e8b465ee728b)
Start importing Assets/Samples/WebXR Interactions/0.18.1-preview/Sample Scene using Guid(ddeb514739ea80d409dc5ed8811922ef) Importer(815301076,1909f56bfc062723c751e8b465ee728b)  -> (artifact id: '624b06ac5d74fc3b2cdded01c36892b1') in 0.011000 seconds 
========================================================================
Received Import Request.
  Time since last request: 9.757470 seconds.
  path: Assets/Samples/WebXR Interactions/0.18.1-preview/Sample Scene/Models
  artifactKey: Guid(c2ad87e2af5ed4bfab59e31ab68ddb0d) Importer(815301076,1909f56bfc062723c751e8b465ee728b)
Start importing Assets/Samples/WebXR Interactions/0.18.1-preview/Sample Scene/Models using Guid(c2ad87e2af5ed4bfab59e31ab68ddb0d) Importer(815301076,1909f56bfc062723c751e8b465ee728b)  -> (artifact id: '79675022da6410dc50ddad62415537ec') in 0.001034 seconds 
========================================================================
Received Import Request.
  Time since last request: 0.214709 seconds.
  path: Assets/Samples/WebXR Interactions/0.18.1-preview/Sample Scene/Models/handL.dae
  artifactKey: Guid(013217fcf4bba4f3380d9159876fa8ea) Importer(815301076,1909f56bfc062723c751e8b465ee728b)
Start importing Assets/Samples/WebXR Interactions/0.18.1-preview/Sample Scene/Models/handL.dae using Guid(013217fcf4bba4f3380d9159876fa8ea) Importer(815301076,1909f56bfc062723c751e8b465ee728b)  -> (artifact id: 'a4d8bbc52ab8348c67861a769c7f0316') in 0.099088 seconds 
========================================================================
Received Import Request.
  Time since last request: 4.349169 seconds.
  path: Assets/Samples/WebXR Interactions/0.18.1-preview/Sample Scene/Prefabs
  artifactKey: Guid(a89061cc6d192b447b216d2f55a6bba8) Importer(815301076,1909f56bfc062723c751e8b465ee728b)
Start importing Assets/Samples/WebXR Interactions/0.18.1-preview/Sample Scene/Prefabs using Guid(a89061cc6d192b447b216d2f55a6bba8) Importer(815301076,1909f56bfc062723c751e8b465ee728b)  -> (artifact id: 'af4be9d38e58ef37034eaa669fce107a') in 0.001050 seconds 
========================================================================
Received Import Request.
  Time since last request: 0.099268 seconds.
  path: Assets/Samples/WebXR Interactions/0.18.1-preview/Sample Scene/Prefabs/SpectatorCameraHolder.prefab
  artifactKey: Guid(bc536673dd409e046b5e4162fa3e6359) Importer(815301076,1909f56bfc062723c751e8b465ee728b)
Start importing Assets/Samples/WebXR Interactions/0.18.1-preview/Sample Scene/Prefabs/SpectatorCameraHolder.prefab using Guid(bc536673dd409e046b5e4162fa3e6359) Importer(815301076,1909f56bfc062723c751e8b465ee728b)  -> (artifact id: '1b426e590e88fcbfd423bc7d40002ef4') in 0.005922 seconds 
========================================================================
Received Import Request.
  Time since last request: 8.604573 seconds.
  path: Assets/Samples/WebXR Interactions/0.18.1-preview/Sample Scene/Models/pipeorgancactus
  artifactKey: Guid(8b71694bcd747417b915d3fb99023835) Importer(815301076,1909f56bfc062723c751e8b465ee728b)
Start importing Assets/Samples/WebXR Interactions/0.18.1-preview/Sample Scene/Models/pipeorgancactus using Guid(8b71694bcd747417b915d3fb99023835) Importer(815301076,1909f56bfc062723c751e8b465ee728b)  -> (artifact id: 'fc6dd8c08bd626465f91890e1d853a85') in 0.001053 seconds 
========================================================================
Received Import Request.
  Time since last request: 0.103869 seconds.
  path: Assets/Samples/WebXR Interactions/0.18.1-preview/Sample Scene/Models/pipeorgancactus/PipeOrganCactus.obj
  artifactKey: Guid(2b0960a38d49646e59e2a4b209a0ef93) Importer(815301076,1909f56bfc062723c751e8b465ee728b)
Start importing Assets/Samples/WebXR Interactions/0.18.1-preview/Sample Scene/Models/pipeorgancactus/PipeOrganCactus.obj using Guid(2b0960a38d49646e59e2a4b209a0ef93) Importer(815301076,1909f56bfc062723c751e8b465ee728b)  -> (artifact id: '7c7bebd8ea6032d05de6209695ee74d0') in 0.018574 seconds 
========================================================================
Received Import Request.
  Time since last request: 12.685170 seconds.
  path: Assets/Samples/WebXR Interactions/0.18.1-preview
  artifactKey: Guid(e36e506965a53194081d4dcd07443acb) Importer(815301076,1909f56bfc062723c751e8b465ee728b)
Start importing Assets/Samples/WebXR Interactions/0.18.1-preview using Guid(e36e506965a53194081d4dcd07443acb) Importer(815301076,1909f56bfc062723c751e8b465ee728b)  -> (artifact id: 'ea423180deaa74fc351d05124448f6f4') in 0.001632 seconds 
========================================================================
Received Import Request.
  Time since last request: 1.395294 seconds.
  path: Assets/Samples/WebXR Interactions/0.18.1-preview/Sample Scene/Materials
  artifactKey: Guid(80f1b1eb219ad4088963459669ce2d86) Importer(815301076,1909f56bfc062723c751e8b465ee728b)
Start importing Assets/Samples/WebXR Interactions/0.18.1-preview/Sample Scene/Materials using Guid(80f1b1eb219ad4088963459669ce2d86) Importer(815301076,1909f56bfc062723c751e8b465ee728b)  -> (artifact id: '48331b19b9de0564f475be07a5329da4') in 0.001038 seconds 
========================================================================
Received Import Request.
  Time since last request: 0.066898 seconds.
  path: Assets/Samples/WebXR Interactions/0.18.1-preview/Sample Scene/Materials/Blue.mat
  artifactKey: Guid(6155b57cc2ad36646af70e1122367da4) Importer(815301076,1909f56bfc062723c751e8b465ee728b)
Start importing Assets/Samples/WebXR Interactions/0.18.1-preview/Sample Scene/Materials/Blue.mat using Guid(6155b57cc2ad36646af70e1122367da4) Importer(815301076,1909f56bfc062723c751e8b465ee728b)  -> (artifact id: '9b81501af75af45496b7c908235fb2ed') in 0.008703 seconds 
========================================================================
Received Import Request.
  Time since last request: 0.000029 seconds.
  path: Assets/Samples/WebXR Interactions/0.18.1-preview/Sample Scene/Materials/Ground.mat
  artifactKey: Guid(d7483b5e090ea4c74a0ee6d794481fca) Importer(815301076,1909f56bfc062723c751e8b465ee728b)
Start importing Assets/Samples/WebXR Interactions/0.18.1-preview/Sample Scene/Materials/Ground.mat using Guid(d7483b5e090ea4c74a0ee6d794481fca) Importer(815301076,1909f56bfc062723c751e8b465ee728b)  -> (artifact id: 'e57fbb561907ba40e6d65026a5670302') in 0.152151 seconds 
========================================================================
Received Import Request.
  Time since last request: 0.000026 seconds.
  path: Assets/Samples/WebXR Interactions/0.18.1-preview/Sample Scene/Materials/Orange.mat
  artifactKey: Guid(611da8dfdd869483bace2e70281e7b29) Importer(815301076,1909f56bfc062723c751e8b465ee728b)
Start importing Assets/Samples/WebXR Interactions/0.18.1-preview/Sample Scene/Materials/Orange.mat using Guid(611da8dfdd869483bace2e70281e7b29) Importer(815301076,1909f56bfc062723c751e8b465ee728b)  -> (artifact id: '3af9370d25af0f7523be02f714aa3197') in 0.006573 seconds 
========================================================================
Received Import Request.
  Time since last request: 0.000050 seconds.
  path: Assets/Samples/WebXR Interactions/0.18.1-preview/Sample Scene/Materials/SkyBox.mat
  artifactKey: Guid(d962ad65dd48449f895f64c61616bd9a) Importer(815301076,1909f56bfc062723c751e8b465ee728b)
Start importing Assets/Samples/WebXR Interactions/0.18.1-preview/Sample Scene/Materials/SkyBox.mat using Guid(d962ad65dd48449f895f64c61616bd9a) Importer(815301076,1909f56bfc062723c751e8b465ee728b)  -> (artifact id: '97edf3acd798965d98ae012b5f1c5199') in 0.074964 seconds 
========================================================================
Received Import Request.
  Time since last request: 9.189183 seconds.
  path: Assets/Samples/WebXR Interactions/0.18.1-preview/Sample Scene/Scenes/Desert/Lightmap-0_comp_light.exr
  artifactKey: Guid(46363fc54698208438dd9760783c638f) Importer(815301076,1909f56bfc062723c751e8b465ee728b)
Start importing Assets/Samples/WebXR Interactions/0.18.1-preview/Sample Scene/Scenes/Desert/Lightmap-0_comp_light.exr using Guid(46363fc54698208438dd9760783c638f) Importer(815301076,1909f56bfc062723c751e8b465ee728b)  -> (artifact id: '1ff248145c2df951a5747bf090cdf8d3') in 0.031646 seconds 
========================================================================
Received Import Request.
  Time since last request: 0.000055 seconds.
  path: Assets/Samples/WebXR Interactions/0.18.1-preview/Sample Scene/Scenes/Desert/ReflectionProbe-3.exr
  artifactKey: Guid(7c07e28e74ac1cd40b56cd51dd3e482d) Importer(815301076,1909f56bfc062723c751e8b465ee728b)
Start importing Assets/Samples/WebXR Interactions/0.18.1-preview/Sample Scene/Scenes/Desert/ReflectionProbe-3.exr using Guid(7c07e28e74ac1cd40b56cd51dd3e482d) Importer(815301076,1909f56bfc062723c751e8b465ee728b)  -> (artifact id: '134f417c22cc26db41737a402568a01c') in 0.019675 seconds 
========================================================================
Received Import Request.
  Time since last request: 0.000023 seconds.
  path: Assets/Samples/WebXR Interactions/0.18.1-preview/Sample Scene/Scenes/Desert/ReflectionProbe-5.exr
  artifactKey: Guid(7ab67428ae8f4e047ae7e5617f8d1774) Importer(815301076,1909f56bfc062723c751e8b465ee728b)
Start importing Assets/Samples/WebXR Interactions/0.18.1-preview/Sample Scene/Scenes/Desert/ReflectionProbe-5.exr using Guid(7ab67428ae8f4e047ae7e5617f8d1774) Importer(815301076,1909f56bfc062723c751e8b465ee728b)  -> (artifact id: '1e55bf9be94d8e140a350ab5fdd08177') in 0.009321 seconds 
Editor requested this worker to shutdown with reason: Scaling down because of idle timeout
AssetImportWorker is now disconnected from the server
Process exiting
Exiting without the bug reporter. Application will terminate with return code 0