Using pre-set license
Built from '2021.3/release' branch; Version is '2021.3.28f1 (232e59c3f087) revision 2305625'; Using compiler version '192829333'; Build Type 'Release'
OS: 'Windows 10  (10.0.19045) 64bit Professional' Language: 'en' Physical Memory: 16294 MB
BatchMode: 1, IsHumanControllingUs: 0, StartBugReporterOnCrash: 0, Is64bit: 1, IsPro: 1

COMMAND LINE ARGUMENTS:
E:\Unity\Unity Hub\2021.3.28f1\Editor\Unity.exe
-adb2
-batchMode
-noUpm
-name
AssetImportWorker3
-projectPath
E:/School projects/holbertonschool/holbertonschool-unity/0x0E-unity-webxr
-logFile
Logs/AssetImportWorker3.log
-srvPort
54706
Successfully changed project path to: E:/School projects/holbertonschool/holbertonschool-unity/0x0E-unity-webxr
E:/School projects/holbertonschool/holbertonschool-unity/0x0E-unity-webxr
[UnityMemory] Configuration Parameters - Can be set up in boot.config
    "memorysetup-bucket-allocator-granularity=16"
    "memorysetup-bucket-allocator-bucket-count=8"
    "memorysetup-bucket-allocator-block-size=33554432"
    "memorysetup-bucket-allocator-block-count=8"
    "memorysetup-main-allocator-block-size=16777216"
    "memorysetup-thread-allocator-block-size=16777216"
    "memorysetup-gfx-main-allocator-block-size=16777216"
    "memorysetup-gfx-thread-allocator-block-size=16777216"
    "memorysetup-cache-allocator-block-size=4194304"
    "memorysetup-typetree-allocator-block-size=2097152"
    "memorysetup-profiler-bucket-allocator-granularity=16"
    "memorysetup-profiler-bucket-allocator-bucket-count=8"
    "memorysetup-profiler-bucket-allocator-block-size=33554432"
    "memorysetup-profiler-bucket-allocator-block-count=8"
    "memorysetup-profiler-allocator-block-size=16777216"
    "memorysetup-profiler-editor-allocator-block-size=1048576"
    "memorysetup-temp-allocator-size-main=16777216"
    "memorysetup-job-temp-allocator-block-size=2097152"
    "memorysetup-job-temp-allocator-block-size-background=1048576"
    "memorysetup-job-temp-allocator-reduction-small-platforms=262144"
    "memorysetup-temp-allocator-size-background-worker=32768"
    "memorysetup-temp-allocator-size-job-worker=262144"
    "memorysetup-temp-allocator-size-preload-manager=33554432"
    "memorysetup-temp-allocator-size-nav-mesh-worker=65536"
    "memorysetup-temp-allocator-size-audio-worker=65536"
    "memorysetup-temp-allocator-size-cloud-worker=32768"
    "memorysetup-temp-allocator-size-gi-baking-worker=262144"
    "memorysetup-temp-allocator-size-gfx=262144"
Player connection [2452] Host "[IP] 192.168.50.159 [Port] 0 [Flags] 2 [Guid] 1897445851 [EditorId] 1897445851 [Version] 1048832 [Id] WindowsEditor(7,DESKTOP-O2275P5) [Debug] 1 [PackageName] WindowsEditor [ProjectName] Editor" joined multi-casting on [225.0.0.222:54997]...

Player connection [2452] Host "[IP] 192.168.50.159 [Port] 0 [Flags] 2 [Guid] 1897445851 [EditorId] 1897445851 [Version] 1048832 [Id] WindowsEditor(7,DESKTOP-O2275P5) [Debug] 1 [PackageName] WindowsEditor [ProjectName] Editor" joined alternative multi-casting on [225.0.0.222:34997]...

Refreshing native plugins compatible for Editor in 90.37 ms, found 3 plugins.
Preloading 0 native plugins for Editor in 0.00 ms.
Initialize engine version: 2021.3.28f1 (232e59c3f087)
[Subsystems] Discovering subsystems at path E:/Unity/Unity Hub/2021.3.28f1/Editor/Data/Resources/UnitySubsystems
[Subsystems] Discovering subsystems at path E:/School projects/holbertonschool/holbertonschool-unity/0x0E-unity-webxr/Assets
GfxDevice: creating device client; threaded=0; jobified=0
Direct3D:
    Version:  Direct3D 11.0 [level 11.1]
    Renderer: NVIDIA GeForce RTX 2070 SUPER (ID=0x1e84)
    Vendor:   NVIDIA
    VRAM:     8003 MB
    Driver:   31.0.15.3699
Initialize mono
Mono path[0] = 'E:/Unity/Unity Hub/2021.3.28f1/Editor/Data/Managed'
Mono path[1] = 'E:/Unity/Unity Hub/2021.3.28f1/Editor/Data/MonoBleedingEdge/lib/mono/unityjit-win32'
Mono config path = 'E:/Unity/Unity Hub/2021.3.28f1/Editor/Data/MonoBleedingEdge/etc'
Using monoOptions --debugger-agent=transport=dt_socket,embedding=1,server=y,suspend=n,address=127.0.0.1:56376
Begin MonoManager ReloadAssembly
Registering precompiled unity dll's ...
Register platform support module: E:/Unity/Unity Hub/2021.3.28f1/Editor/Data/PlaybackEngines/WebGLSupport/UnityEditor.WebGL.Extensions.dll
Register platform support module: E:/Unity/Unity Hub/2021.3.28f1/Editor/Data/PlaybackEngines/AndroidPlayer/UnityEditor.Android.Extensions.dll
Register platform support module: E:/Unity/Unity Hub/2021.3.28f1/Editor/Data/PlaybackEngines/iOSSupport/UnityEditor.iOS.Extensions.dll
Register platform support module: E:/Unity/Unity Hub/2021.3.28f1/Editor/Data/PlaybackEngines/WindowsStandaloneSupport/UnityEditor.WindowsStandalone.Extensions.dll
Registered in 0.003335 seconds.
Native extension for WindowsStandalone target not found
Native extension for iOS target not found
Native extension for Android target not found
Android Extension - Scanning For ADB Devices 218 ms
Native extension for WebGL target not found
Refreshing native plugins compatible for Editor in 83.75 ms, found 3 plugins.
Preloading 0 native plugins for Editor in 0.00 ms.
Mono: successfully reloaded assembly
- Completed reload, in  0.822 seconds
Domain Reload Profiling:
	ReloadAssembly (823ms)
		BeginReloadAssembly (72ms)
			ExecutionOrderSort (0ms)
			DisableScriptedObjects (0ms)
			BackupInstance (0ms)
			ReleaseScriptingObjects (0ms)
			CreateAndSetChildDomain (1ms)
		EndReloadAssembly (667ms)
			LoadAssemblies (72ms)
			RebuildTransferFunctionScriptingTraits (0ms)
			SetupTypeCache (93ms)
			ReleaseScriptCaches (0ms)
			RebuildScriptCaches (23ms)
			SetupLoadedEditorAssemblies (510ms)
				LogAssemblyErrors (0ms)
				InitializePlatformSupportModulesInManaged (313ms)
				SetLoadedEditorAssemblies (0ms)
				RefreshPlugins (84ms)
				BeforeProcessingInitializeOnLoad (1ms)
				ProcessInitializeOnLoadAttributes (72ms)
				ProcessInitializeOnLoadMethodAttributes (40ms)
				AfterProcessingInitializeOnLoad (0ms)
				EditorAssembliesLoaded (0ms)
			ExecutionOrderSort2 (0ms)
			AwakeInstancesAfterBackupRestoration (0ms)
Platform modules already initialized, skipping
Registering precompiled user dll's ...
Registered in 0.003293 seconds.
Begin MonoManager ReloadAssembly
Native extension for WindowsStandalone target not found
Native extension for iOS target not found
Native extension for Android target not found
Native extension for WebGL target not found
Refreshing native plugins compatible for Editor in 81.78 ms, found 3 plugins.
Preloading 0 native plugins for Editor in 0.00 ms.
Package Manager log level set to [2]
Mono: successfully reloaded assembly
- Completed reload, in  1.038 seconds
Domain Reload Profiling:
	ReloadAssembly (1038ms)
		BeginReloadAssembly (99ms)
			ExecutionOrderSort (0ms)
			DisableScriptedObjects (5ms)
			BackupInstance (0ms)
			ReleaseScriptingObjects (0ms)
			CreateAndSetChildDomain (20ms)
		EndReloadAssembly (855ms)
			LoadAssemblies (80ms)
			RebuildTransferFunctionScriptingTraits (0ms)
			SetupTypeCache (244ms)
			ReleaseScriptCaches (1ms)
			RebuildScriptCaches (53ms)
			SetupLoadedEditorAssemblies (421ms)
				LogAssemblyErrors (0ms)
				InitializePlatformSupportModulesInManaged (22ms)
				SetLoadedEditorAssemblies (0ms)
				RefreshPlugins (82ms)
				BeforeProcessingInitializeOnLoad (83ms)
				ProcessInitializeOnLoadAttributes (216ms)
				ProcessInitializeOnLoadMethodAttributes (14ms)
				AfterProcessingInitializeOnLoad (3ms)
				EditorAssembliesLoaded (0ms)
			ExecutionOrderSort2 (0ms)
			AwakeInstancesAfterBackupRestoration (6ms)
Platform modules already initialized, skipping
========================================================================
Worker process is ready to serve import requests
Launched and connected shader compiler UnityShaderCompiler.exe after 0.03 seconds
Refreshing native plugins compatible for Editor in 1.40 ms, found 3 plugins.
Preloading 0 native plugins for Editor in 0.00 ms.
Unloading 4606 Unused Serialized files (Serialized files now loaded: 0)
Unloading 28 unused Assets / (94.8 KB). Loaded Objects now: 5075.
Memory consumption went from 178.7 MB to 178.6 MB.
Total: 3.133100 ms (FindLiveObjects: 0.387700 ms CreateObjectMapping: 0.119300 ms MarkObjects: 2.512800 ms  DeleteObjects: 0.111900 ms)

AssetImportParameters requested are different than current active one (requested -> active):
  custom:video-decoder-ogg-theora: a1e56fd34408186e4bbccfd4996cb3dc -> 
  custom:container-muxer-webm: aa71ff27fc2769a1b78a27578f13a17b -> 
  custom:container-demuxer-webm: 4f35f7cbe854078d1ac9338744f61a02 -> 
  custom:video-encoder-webm-vp8: eb34c28f22e8b96e1ab97ce403110664 -> 
  custom:video-codec-MediaFoundation-h265: 746d11721c4dcdbdad8f713fa42b33f4 -> 
  custom:CustomObjectIndexerAttribute: bc11b3a6c3213fcdd17b65e7da85e133 -> 
  custom:audio-encoder-webm-vorbis: bf7c407c2cedff20999df2af8eb42d56 -> 
  custom:framework-win-MediaFoundation: 216162199b28c13a410421893ffa2e32 -> 
  custom:container-demuxer-ogg: 62fdf1f143b41e24485cea50d1cbac27 -> 
  custom:video-decoder-webm-vp8: 9c59270c3fd7afecdb556c50c9e8de78 -> 
  custom:audio-decoder-ogg-vorbis: bf7c407c2cedff20999df2af8eb42d56 -> 
========================================================================
Received Import Request.
  Time since last request: 58305.506061 seconds.
  path: Packages/com.de-panther.webxr-interactions/Runtime/Materials/UnlitTransparent.mat
  artifactKey: Guid(77fba5962a551234497fed7af26e0568) Importer(815301076,1909f56bfc062723c751e8b465ee728b)
Start importing Packages/com.de-panther.webxr-interactions/Runtime/Materials/UnlitTransparent.mat using Guid(77fba5962a551234497fed7af26e0568) Importer(815301076,1909f56bfc062723c751e8b465ee728b)  -> (artifact id: '84efdffbfe158557b3552f961633a259') in 0.099752 seconds 
========================================================================
Received Prepare
Registering precompiled user dll's ...
Registered in 0.002762 seconds.
Begin MonoManager ReloadAssembly
Native extension for WindowsStandalone target not found
Native extension for iOS target not found
Native extension for Android target not found
Native extension for WebGL target not found
Refreshing native plugins compatible for Editor in 1.26 ms, found 3 plugins.
Preloading 0 native plugins for Editor in 0.00 ms.
Mono: successfully reloaded assembly
- Completed reload, in  1.038 seconds
Domain Reload Profiling:
	ReloadAssembly (1039ms)
		BeginReloadAssembly (147ms)
			ExecutionOrderSort (0ms)
			DisableScriptedObjects (5ms)
			BackupInstance (0ms)
			ReleaseScriptingObjects (0ms)
			CreateAndSetChildDomain (50ms)
		EndReloadAssembly (809ms)
			LoadAssemblies (86ms)
			RebuildTransferFunctionScriptingTraits (0ms)
			SetupTypeCache (276ms)
			ReleaseScriptCaches (1ms)
			RebuildScriptCaches (43ms)
			SetupLoadedEditorAssemblies (346ms)
				LogAssemblyErrors (0ms)
				InitializePlatformSupportModulesInManaged (24ms)
				SetLoadedEditorAssemblies (1ms)
				RefreshPlugins (1ms)
				BeforeProcessingInitializeOnLoad (58ms)
				ProcessInitializeOnLoadAttributes (237ms)
				ProcessInitializeOnLoadMethodAttributes (21ms)
				AfterProcessingInitializeOnLoad (3ms)
				EditorAssembliesLoaded (0ms)
			ExecutionOrderSort2 (0ms)
			AwakeInstancesAfterBackupRestoration (7ms)
Platform modules already initialized, skipping
Refreshing native plugins compatible for Editor in 1.66 ms, found 3 plugins.
Preloading 0 native plugins for Editor in 0.00 ms.
Unloading 4560 Unused Serialized files (Serialized files now loaded: 0)
Unloading 18 unused Assets / (69.2 KB). Loaded Objects now: 5120.
Memory consumption went from 174.5 MB to 174.4 MB.
Total: 3.490900 ms (FindLiveObjects: 0.377600 ms CreateObjectMapping: 0.133500 ms MarkObjects: 2.893500 ms  DeleteObjects: 0.085200 ms)

AssetImportParameters requested are different than current active one (requested -> active):
  custom:video-decoder-ogg-theora: a1e56fd34408186e4bbccfd4996cb3dc -> 
  custom:container-muxer-webm: aa71ff27fc2769a1b78a27578f13a17b -> 
  custom:container-demuxer-webm: 4f35f7cbe854078d1ac9338744f61a02 -> 
  custom:video-encoder-webm-vp8: eb34c28f22e8b96e1ab97ce403110664 -> 
  custom:video-codec-MediaFoundation-h265: 746d11721c4dcdbdad8f713fa42b33f4 -> 
  custom:CustomObjectIndexerAttribute: bc11b3a6c3213fcdd17b65e7da85e133 -> 
  custom:audio-encoder-webm-vorbis: bf7c407c2cedff20999df2af8eb42d56 -> 
  custom:framework-win-MediaFoundation: 216162199b28c13a410421893ffa2e32 -> 
  custom:container-demuxer-ogg: 62fdf1f143b41e24485cea50d1cbac27 -> 
  custom:video-decoder-webm-vp8: 9c59270c3fd7afecdb556c50c9e8de78 -> 
  custom:audio-decoder-ogg-vorbis: bf7c407c2cedff20999df2af8eb42d56 -> 
========================================================================
Received Import Request.
  Time since last request: 528.377255 seconds.
  path: Assets/Samples/WebXR Interactions/0.18.1-preview/Sample Scene/Models/handR.dae
  artifactKey: Guid(c99aacc3accab4fdaadab5e3ea13b9c7) Importer(815301076,1909f56bfc062723c751e8b465ee728b)
Start importing Assets/Samples/WebXR Interactions/0.18.1-preview/Sample Scene/Models/handR.dae using Guid(c99aacc3accab4fdaadab5e3ea13b9c7) Importer(815301076,1909f56bfc062723c751e8b465ee728b)  -> (artifact id: '4d500a8f2d491e0c21facb0780efd571') in 0.110813 seconds 
========================================================================
Received Import Request.
  Time since last request: 4.441726 seconds.
  path: Assets/Samples/WebXR Interactions/0.18.1-preview/Sample Scene/Prefabs/WebXRCameraSet.prefab
  artifactKey: Guid(54a613ba6e982e84db04156af08d6a89) Importer(815301076,1909f56bfc062723c751e8b465ee728b)
Start importing Assets/Samples/WebXR Interactions/0.18.1-preview/Sample Scene/Prefabs/WebXRCameraSet.prefab using Guid(54a613ba6e982e84db04156af08d6a89) Importer(815301076,1909f56bfc062723c751e8b465ee728b)  -> (artifact id: '824adf4d41e0f5842a107d579ca03e81') in 0.019485 seconds 
========================================================================
Received Import Request.
  Time since last request: 8.700765 seconds.
  path: Assets/Samples/WebXR Interactions/0.18.1-preview/Sample Scene/Models/pipeorgancactus/PipeOrganCactus_BaseColor.png
  artifactKey: Guid(63be4fa0e42a445c9a40e52e86f08d4a) Importer(815301076,1909f56bfc062723c751e8b465ee728b)
Start importing Assets/Samples/WebXR Interactions/0.18.1-preview/Sample Scene/Models/pipeorgancactus/PipeOrganCactus_BaseColor.png using Guid(63be4fa0e42a445c9a40e52e86f08d4a) Importer(815301076,1909f56bfc062723c751e8b465ee728b)  -> (artifact id: '46a1457dade26b5f7ec28a0079607ba2') in 0.013740 seconds 
========================================================================
Received Import Request.
  Time since last request: 14.166445 seconds.
  path: Assets/Samples/WebXR Interactions/0.18.1-preview/Sample Scene/Materials/cube-sea.mat
  artifactKey: Guid(1087007d77ce4468ba0f905331ed7144) Importer(815301076,1909f56bfc062723c751e8b465ee728b)
Start importing Assets/Samples/WebXR Interactions/0.18.1-preview/Sample Scene/Materials/cube-sea.mat using Guid(1087007d77ce4468ba0f905331ed7144) Importer(815301076,1909f56bfc062723c751e8b465ee728b)  -> (artifact id: '28e9fb387811a199bb694243abf49227') in 0.009353 seconds 
========================================================================
Received Import Request.
  Time since last request: 0.000023 seconds.
  path: Assets/Samples/WebXR Interactions/0.18.1-preview/Sample Scene/Materials/Cyan.mat
  artifactKey: Guid(f8d6f757b9e2b4c2290301f6a22ea109) Importer(815301076,1909f56bfc062723c751e8b465ee728b)
Start importing Assets/Samples/WebXR Interactions/0.18.1-preview/Sample Scene/Materials/Cyan.mat using Guid(f8d6f757b9e2b4c2290301f6a22ea109) Importer(815301076,1909f56bfc062723c751e8b465ee728b)  -> (artifact id: '3b0e6d352bba7eeeff0fba18eee02752') in 0.006767 seconds 
========================================================================
Received Import Request.
  Time since last request: 0.000029 seconds.
  path: Assets/Samples/WebXR Interactions/0.18.1-preview/Sample Scene/Materials/Yellow.mat
  artifactKey: Guid(9b6b69eda4b5ced4297cfd7eaa32b413) Importer(815301076,1909f56bfc062723c751e8b465ee728b)
Start importing Assets/Samples/WebXR Interactions/0.18.1-preview/Sample Scene/Materials/Yellow.mat using Guid(9b6b69eda4b5ced4297cfd7eaa32b413) Importer(815301076,1909f56bfc062723c751e8b465ee728b)  -> (artifact id: '9832e0b6d71746c36ff830688b9b39b5') in 0.006946 seconds 
========================================================================
Received Import Request.
  Time since last request: 0.000021 seconds.
  path: Assets/Samples/WebXR Interactions/0.18.1-preview/Sample Scene/Materials/ReflectedMat.mat
  artifactKey: Guid(5b8924a643c3d485e8262dd13187586c) Importer(815301076,1909f56bfc062723c751e8b465ee728b)
Start importing Assets/Samples/WebXR Interactions/0.18.1-preview/Sample Scene/Materials/ReflectedMat.mat using Guid(5b8924a643c3d485e8262dd13187586c) Importer(815301076,1909f56bfc062723c751e8b465ee728b)  -> (artifact id: '505eac010b0d858c8aed125a5de08af0') in 0.008046 seconds 
========================================================================
Received Import Request.
  Time since last request: 0.000028 seconds.
  path: Assets/Samples/WebXR Interactions/0.18.1-preview/Sample Scene/Materials/Pink.mat
  artifactKey: Guid(52b30c0ddba2ee9408991a0dde066b95) Importer(815301076,1909f56bfc062723c751e8b465ee728b)
Start importing Assets/Samples/WebXR Interactions/0.18.1-preview/Sample Scene/Materials/Pink.mat using Guid(52b30c0ddba2ee9408991a0dde066b95) Importer(815301076,1909f56bfc062723c751e8b465ee728b)  -> (artifact id: 'ae03a2d70571c16c75b97b7e113afcdd') in 0.005998 seconds 
========================================================================
Received Import Request.
  Time since last request: 0.000023 seconds.
  path: Assets/Samples/WebXR Interactions/0.18.1-preview/Sample Scene/Materials/TransparentTest.mat
  artifactKey: Guid(7991de24c111ac84da59e7081d2a8048) Importer(815301076,1909f56bfc062723c751e8b465ee728b)
Start importing Assets/Samples/WebXR Interactions/0.18.1-preview/Sample Scene/Materials/TransparentTest.mat using Guid(7991de24c111ac84da59e7081d2a8048) Importer(815301076,1909f56bfc062723c751e8b465ee728b)  -> (artifact id: 'ca5bb91c31d3ab712409d5009196f903') in 0.089225 seconds 
========================================================================
Received Import Request.
  Time since last request: 0.000026 seconds.
  path: Assets/Samples/WebXR Interactions/0.18.1-preview/Sample Scene/Materials/Red.mat
  artifactKey: Guid(bc556dbd8de3200439d7078dfd50e0cb) Importer(815301076,1909f56bfc062723c751e8b465ee728b)
Start importing Assets/Samples/WebXR Interactions/0.18.1-preview/Sample Scene/Materials/Red.mat using Guid(bc556dbd8de3200439d7078dfd50e0cb) Importer(815301076,1909f56bfc062723c751e8b465ee728b)  -> (artifact id: '8867a0ed53b985819c6ac34261e9d078') in 0.007590 seconds 
========================================================================
Received Import Request.
  Time since last request: 0.000030 seconds.
  path: Assets/Samples/WebXR Interactions/0.18.1-preview/Sample Scene/Materials/Green.mat
  artifactKey: Guid(5af4ced906166d244a01db7543017eb1) Importer(815301076,1909f56bfc062723c751e8b465ee728b)
Start importing Assets/Samples/WebXR Interactions/0.18.1-preview/Sample Scene/Materials/Green.mat using Guid(5af4ced906166d244a01db7543017eb1) Importer(815301076,1909f56bfc062723c751e8b465ee728b)  -> (artifact id: '4a58e508d3289c236a937994a364a103') in 0.006295 seconds 
========================================================================
Received Import Request.
  Time since last request: 9.267439 seconds.
  path: Assets/Samples/WebXR Interactions/0.18.1-preview/Sample Scene/Scenes/Desert/Lightmap-1_comp_light.exr
  artifactKey: Guid(e8745bf64996ca34c923c64cd55aa8d0) Importer(815301076,1909f56bfc062723c751e8b465ee728b)
Start importing Assets/Samples/WebXR Interactions/0.18.1-preview/Sample Scene/Scenes/Desert/Lightmap-1_comp_light.exr using Guid(e8745bf64996ca34c923c64cd55aa8d0) Importer(815301076,1909f56bfc062723c751e8b465ee728b)  -> (artifact id: '109168223a45e581c3b1ea83e8ab2299') in 0.016614 seconds 
========================================================================
Received Import Request.
  Time since last request: 0.000026 seconds.
  path: Assets/Samples/WebXR Interactions/0.18.1-preview/Sample Scene/Scenes/Desert/ReflectionProbe-1.exr
  artifactKey: Guid(2817a454d0ac0d641a981cd7d3290a68) Importer(815301076,1909f56bfc062723c751e8b465ee728b)
Start importing Assets/Samples/WebXR Interactions/0.18.1-preview/Sample Scene/Scenes/Desert/ReflectionProbe-1.exr using Guid(2817a454d0ac0d641a981cd7d3290a68) Importer(815301076,1909f56bfc062723c751e8b465ee728b)  -> (artifact id: 'bce31ec173f183302a698cf1e0f95304') in 0.018785 seconds 
========================================================================
Received Import Request.
  Time since last request: 0.000025 seconds.
  path: Assets/Samples/WebXR Interactions/0.18.1-preview/Sample Scene/Scenes/Desert/ReflectionProbe-2.exr
  artifactKey: Guid(a46feeb11e4d5f44f91aed5ab08bae0e) Importer(815301076,1909f56bfc062723c751e8b465ee728b)
Start importing Assets/Samples/WebXR Interactions/0.18.1-preview/Sample Scene/Scenes/Desert/ReflectionProbe-2.exr using Guid(a46feeb11e4d5f44f91aed5ab08bae0e) Importer(815301076,1909f56bfc062723c751e8b465ee728b)  -> (artifact id: '853c9974832bb0c0cefa93661a8086a4') in 0.009820 seconds 
========================================================================
Received Import Request.
  Time since last request: 0.000029 seconds.
  path: Assets/Samples/WebXR Interactions/0.18.1-preview/Sample Scene/Scenes/Desert/ReflectionProbe-6.exr
  artifactKey: Guid(cfe18b542a3211b4e86ac0adc58d83aa) Importer(815301076,1909f56bfc062723c751e8b465ee728b)
Start importing Assets/Samples/WebXR Interactions/0.18.1-preview/Sample Scene/Scenes/Desert/ReflectionProbe-6.exr using Guid(cfe18b542a3211b4e86ac0adc58d83aa) Importer(815301076,1909f56bfc062723c751e8b465ee728b)  -> (artifact id: '715c94191dbd3c4e8b44516f0f6aae4c') in 0.010627 seconds 
Editor requested this worker to shutdown with reason: Scaling down because of idle timeout
AssetImportWorker is now disconnected from the server
Process exiting
Exiting without the bug reporter. Application will terminate with return code 0